# JRE version: OpenJDK Runtime Environment (8.0_202-b03) (build 1.8.0_202-release-1483-b03)
# Java VM: OpenJDK 64-Bit Server VM (25.202-b03 mixed mode windows-amd64 compressed oops)
Heap:
 PSYoungGen      total 244736K, used 138699K [0x00000000e0000000, 0x00000000f0600000, 0x0000000100000000)
  eden space 235008K, 54% used [0x00000000e0000000,0x00000000e7e1f1c8,0x00000000ee580000)
  from space 9728K, 98% used [0x00000000efc80000,0x00000000f05d3b68,0x00000000f0600000)
  to   space 15872K, 0% used [0x00000000ee700000,0x00000000ee700000,0x00000000ef680000)
 ParOldGen       total 58368K, used 15687K [0x00000000a0000000, 0x00000000a3900000, 0x00000000e0000000)
  object space 58368K, 26% used [0x00000000a0000000,0x00000000a0f51ee8,0x00000000a3900000)
 Metaspace       used 45194K, capacity 46622K, committed 46768K, reserved 1089536K
  class space    used 5956K, capacity 6254K, committed 6320K, reserved 1048576K
GC Heap History (10 events):
Event: 15.659 GC heap before
{Heap before GC invocations=8 (full 1):
 PSYoungGen      total 140800K, used 131072K [0x00000000e0000000, 0x00000000e9300000, 0x0000000100000000)
  eden space 131072K, 100% used [0x00000000e0000000,0x00000000e8000000,0x00000000e8000000)
  from space 9728K, 0% used [0x00000000e8980000,0x00000000e8980000,0x00000000e9300000)
  to   space 9728K, 0% used [0x00000000e8000000,0x00000000e8000000,0x00000000e8980000)
 ParOldGen       total 44544K, used 11779K [0x00000000a0000000, 0x00000000a2b80000, 0x00000000e0000000)
  object space 44544K, 26% used [0x00000000a0000000,0x00000000a0b80df8,0x00000000a2b80000)
 Metaspace       used 34252K, capacity 35062K, committed 35248K, reserved 1079296K
  class space    used 4513K, capacity 4752K, committed 4784K, reserved 1048576K
Event: 15.712 GC heap after
Heap after GC invocations=8 (full 1):
 PSYoungGen      total 140800K, used 9727K [0x00000000e0000000, 0x00000000ed380000, 0x0000000100000000)
  eden space 131072K, 0% used [0x00000000e0000000,0x00000000e0000000,0x00000000e8000000)
  from space 9728K, 99% used [0x00000000e8000000,0x00000000e897fed8,0x00000000e8980000)
  to   space 13824K, 0% used [0x00000000ec600000,0x00000000ec600000,0x00000000ed380000)
 ParOldGen       total 44544K, used 16358K [0x00000000a0000000, 0x00000000a2b80000, 0x00000000e0000000)
  object space 44544K, 36% used [0x00000000a0000000,0x00000000a0ff9878,0x00000000a2b80000)
 Metaspace       used 34252K, capacity 35062K, committed 35248K, reserved 1079296K
  class space    used 4513K, capacity 4752K, committed 4784K, reserved 1048576K
}
Event: 16.003 GC heap before
{Heap before GC invocations=9 (full 1):
 PSYoungGen      total 140800K, used 18693K [0x00000000e0000000, 0x00000000ed380000, 0x0000000100000000)
  eden space 131072K, 6% used [0x00000000e0000000,0x00000000e08c1780,0x00000000e8000000)
  from space 9728K, 99% used [0x00000000e8000000,0x00000000e897fed8,0x00000000e8980000)
  to   space 13824K, 0% used [0x00000000ec600000,0x00000000ec600000,0x00000000ed380000)
 ParOldGen       total 44544K, used 16358K [0x00000000a0000000, 0x00000000a2b80000, 0x00000000e0000000)
  object space 44544K, 36% used [0x00000000a0000000,0x00000000a0ff9878,0x00000000a2b80000)
 Metaspace       used 34539K, capacity 35370K, committed 35496K, reserved 1079296K
  class space    used 4565K, capacity 4826K, committed 4912K, reserved 1048576K
Event: 16.021 GC heap after
Heap after GC invocations=9 (full 1):
 PSYoungGen      total 203776K, used 5818K [0x00000000e0000000, 0x00000000eea80000, 0x0000000100000000)
  eden space 189952K, 0% used [0x00000000e0000000,0x00000000e0000000,0x00000000eb980000)
  from space 13824K, 42% used [0x00000000ec600000,0x00000000ecbae970,0x00000000ed380000)
  to   space 12800K, 0% used [0x00000000eb980000,0x00000000eb980000,0x00000000ec600000)
 ParOldGen       total 44544K, used 16366K [0x00000000a0000000, 0x00000000a2b80000, 0x00000000e0000000)
  object space 44544K, 36% used [0x00000000a0000000,0x00000000a0ffb878,0x00000000a2b80000)
 Metaspace       used 34539K, capacity 35370K, committed 35496K, reserved 1079296K
  class space    used 4565K, capacity 4826K, committed 4912K, reserved 1048576K
}
Event: 16.021 GC heap before
{Heap before GC invocations=10 (full 2):
 PSYoungGen      total 203776K, used 5818K [0x00000000e0000000, 0x00000000eea80000, 0x0000000100000000)
  eden space 189952K, 0% used [0x00000000e0000000,0x00000000e0000000,0x00000000eb980000)
  from space 13824K, 42% used [0x00000000ec600000,0x00000000ecbae970,0x00000000ed380000)
  to   space 12800K, 0% used [0x00000000eb980000,0x00000000eb980000,0x00000000ec600000)
 ParOldGen       total 44544K, used 16366K [0x00000000a0000000, 0x00000000a2b80000, 0x00000000e0000000)
  object space 44544K, 36% used [0x00000000a0000000,0x00000000a0ffb878,0x00000000a2b80000)
 Metaspace       used 34539K, capacity 35370K, committed 35496K, reserved 1079296K
  class space    used 4565K, capacity 4826K, committed 4912K, reserved 1048576K
Event: 16.218 GC heap after
Heap after GC invocations=10 (full 2):
 PSYoungGen      total 203776K, used 0K [0x00000000e0000000, 0x00000000eea80000, 0x0000000100000000)
  eden space 189952K, 0% used [0x00000000e0000000,0x00000000e0000000,0x00000000eb980000)
  from space 13824K, 0% used [0x00000000ec600000,0x00000000ec600000,0x00000000ed380000)
  to   space 12800K, 0% used [0x00000000eb980000,0x00000000eb980000,0x00000000ec600000)
 ParOldGen       total 58368K, used 12651K [0x00000000a0000000, 0x00000000a3900000, 0x00000000e0000000)
  object space 58368K, 21% used [0x00000000a0000000,0x00000000a0c5ada8,0x00000000a3900000)
 Metaspace       used 34527K, capacity 35358K, committed 35496K, reserved 1079296K
  class space    used 4561K, capacity 4822K, committed 4912K, reserved 1048576K
}
Event: 27.192 GC heap before
{Heap before GC invocations=11 (full 2):
 PSYoungGen      total 203776K, used 189952K [0x00000000e0000000, 0x00000000eea80000, 0x0000000100000000)
  eden space 189952K, 100% used [0x00000000e0000000,0x00000000eb980000,0x00000000eb980000)
  from space 13824K, 0% used [0x00000000ec600000,0x00000000ec600000,0x00000000ed380000)
  to   space 12800K, 0% used [0x00000000eb980000,0x00000000eb980000,0x00000000ec600000)
 ParOldGen       total 58368K, used 12651K [0x00000000a0000000, 0x00000000a3900000, 0x00000000e0000000)
  object space 58368K, 21% used [0x00000000a0000000,0x00000000a0c5ada8,0x00000000a3900000)
 Metaspace       used 44462K, capacity 45734K, committed 45872K, reserved 1089536K
  class space    used 5876K, capacity 6183K, committed 6192K, reserved 1048576K
Event: 27.239 GC heap after
Heap after GC invocations=11 (full 2):
 PSYoungGen      total 202752K, used 12779K [0x00000000e0000000, 0x00000000f0c00000, 0x0000000100000000)
  eden space 189952K, 0% used [0x00000000e0000000,0x00000000e0000000,0x00000000eb980000)
  from space 12800K, 99% used [0x00000000eb980000,0x00000000ec5faef8,0x00000000ec600000)
  to   space 15872K, 0% used [0x00000000efc80000,0x00000000efc80000,0x00000000f0c00000)
 ParOldGen       total 58368K, used 15679K [0x00000000a0000000, 0x00000000a3900000, 0x00000000e0000000)
  object space 58368K, 26% used [0x00000000a0000000,0x00000000a0f4fee8,0x00000000a3900000)
 Metaspace       used 44462K, capacity 45734K, committed 45872K, reserved 1089536K
  class space    used 5876K, capacity 6183K, committed 6192K, reserved 1048576K
}
Event: 92.757 GC heap before
{Heap before GC invocations=12 (full 2):
 PSYoungGen      total 202752K, used 202731K [0x00000000e0000000, 0x00000000f0c00000, 0x0000000100000000)
  eden space 189952K, 100% used [0x00000000e0000000,0x00000000eb980000,0x00000000eb980000)
  from space 12800K, 99% used [0x00000000eb980000,0x00000000ec5faef8,0x00000000ec600000)
  to   space 15872K, 0% used [0x00000000efc80000,0x00000000efc80000,0x00000000f0c00000)
 ParOldGen       total 58368K, used 15679K [0x00000000a0000000, 0x00000000a3900000, 0x00000000e0000000)
  object space 58368K, 26% used [0x00000000a0000000,0x00000000a0f4fee8,0x00000000a3900000)
 Metaspace       used 44583K, capacity 45938K, committed 46128K, reserved 1089536K
  class space    used 5877K, capacity 6185K, committed 6192K, reserved 1048576K
Event: 92.782 GC heap after
Heap after GC invocations=12 (full 2):
 PSYoungGen      total 244736K, used 9550K [0x00000000e0000000, 0x00000000f0600000, 0x0000000100000000)
  eden space 235008K, 0% used [0x00000000e0000000,0x00000000e0000000,0x00000000ee580000)
  from space 9728K, 98% used [0x00000000efc80000,0x00000000f05d3b68,0x00000000f0600000)
  to   space 15872K, 0% used [0x00000000ee700000,0x00000000ee700000,0x00000000ef680000)
 ParOldGen       total 58368K, used 15687K [0x00000000a0000000, 0x00000000a3900000, 0x00000000e0000000)
  object space 58368K, 26% used [0x00000000a0000000,0x00000000a0f51ee8,0x00000000a3900000)
 Metaspace       used 44583K, capacity 45938K, committed 46128K, reserved 1089536K
  class space    used 5877K, capacity 6185K, committed 6192K, reserved 1048576K
}

