# JRE version: OpenJDK Runtime Environment (8.0_202-b03) (build 1.8.0_202-release-1483-b03)
# Java VM: OpenJDK 64-Bit Server VM (25.202-b03 mixed mode windows-amd64 compressed oops)
Heap:
 PSYoungGen      total 217088K, used 119326K [0x00000000e0000000, 0x00000000ee280000, 0x0000000100000000)
  eden space 204288K, 58% used [0x00000000e0000000,0x00000000e7487b70,0x00000000ec780000)
  from space 12800K, 0% used [0x00000000ed500000,0x00000000ed500000,0x00000000ee180000)
  to   space 13824K, 0% used [0x00000000ec780000,0x00000000ec780000,0x00000000ed500000)
 ParOldGen       total 57344K, used 16124K [0x00000000a0000000, 0x00000000a3800000, 0x00000000e0000000)
  object space 57344K, 28% used [0x00000000a0000000,0x00000000a0fbf140,0x00000000a3800000)
 Metaspace       used 40693K, capacity 42116K, committed 42408K, reserved 1085440K
  class space    used 5478K, capacity 5774K, committed 5800K, reserved 1048576K
GC Heap History (10 events):
Event: 9.630 GC heap before
{Heap before GC invocations=6 (full 0):
 PSYoungGen      total 68096K, used 38614K [0x00000000e0000000, 0x00000000e9300000, 0x0000000100000000)
  eden space 65536K, 55% used [0x00000000e0000000,0x00000000e2339820,0x00000000e4000000)
  from space 2560K, 99% used [0x00000000e4000000,0x00000000e427c050,0x00000000e4280000)
  to   space 9728K, 0% used [0x00000000e8980000,0x00000000e8980000,0x00000000e9300000)
 ParOldGen       total 44032K, used 12188K [0x00000000a0000000, 0x00000000a2b00000, 0x00000000e0000000)
  object space 44032K, 27% used [0x00000000a0000000,0x00000000a0be7350,0x00000000a2b00000)
 Metaspace       used 20607K, capacity 21262K, committed 21296K, reserved 1067008K
  class space    used 2892K, capacity 3089K, committed 3120K, reserved 1048576K
Event: 9.647 GC heap after
Heap after GC invocations=6 (full 0):
 PSYoungGen      total 140800K, used 5962K [0x00000000e0000000, 0x00000000e9300000, 0x0000000100000000)
  eden space 131072K, 0% used [0x00000000e0000000,0x00000000e0000000,0x00000000e8000000)
  from space 9728K, 61% used [0x00000000e8980000,0x00000000e8f52a50,0x00000000e9300000)
  to   space 9728K, 0% used [0x00000000e8000000,0x00000000e8000000,0x00000000e8980000)
 ParOldGen       total 44032K, used 12196K [0x00000000a0000000, 0x00000000a2b00000, 0x00000000e0000000)
  object space 44032K, 27% used [0x00000000a0000000,0x00000000a0be9350,0x00000000a2b00000)
 Metaspace       used 20607K, capacity 21262K, committed 21296K, reserved 1067008K
  class space    used 2892K, capacity 3089K, committed 3120K, reserved 1048576K
}
Event: 9.647 GC heap before
{Heap before GC invocations=7 (full 1):
 PSYoungGen      total 140800K, used 5962K [0x00000000e0000000, 0x00000000e9300000, 0x0000000100000000)
  eden space 131072K, 0% used [0x00000000e0000000,0x00000000e0000000,0x00000000e8000000)
  from space 9728K, 61% used [0x00000000e8980000,0x00000000e8f52a50,0x00000000e9300000)
  to   space 9728K, 0% used [0x00000000e8000000,0x00000000e8000000,0x00000000e8980000)
 ParOldGen       total 44032K, used 12196K [0x00000000a0000000, 0x00000000a2b00000, 0x00000000e0000000)
  object space 44032K, 27% used [0x00000000a0000000,0x00000000a0be9350,0x00000000a2b00000)
 Metaspace       used 20607K, capacity 21262K, committed 21296K, reserved 1067008K
  class space    used 2892K, capacity 3089K, committed 3120K, reserved 1048576K
Event: 9.762 GC heap after
Heap after GC invocations=7 (full 1):
 PSYoungGen      total 140800K, used 0K [0x00000000e0000000, 0x00000000e9300000, 0x0000000100000000)
  eden space 131072K, 0% used [0x00000000e0000000,0x00000000e0000000,0x00000000e8000000)
  from space 9728K, 0% used [0x00000000e8980000,0x00000000e8980000,0x00000000e9300000)
  to   space 9728K, 0% used [0x00000000e8000000,0x00000000e8000000,0x00000000e8980000)
 ParOldGen       total 46080K, used 15977K [0x00000000a0000000, 0x00000000a2d00000, 0x00000000e0000000)
  object space 46080K, 34% used [0x00000000a0000000,0x00000000a0f9a698,0x00000000a2d00000)
 Metaspace       used 20607K, capacity 21262K, committed 21296K, reserved 1067008K
  class space    used 2892K, capacity 3089K, committed 3120K, reserved 1048576K
}
Event: 19.773 GC heap before
{Heap before GC invocations=8 (full 1):
 PSYoungGen      total 140800K, used 131072K [0x00000000e0000000, 0x00000000e9300000, 0x0000000100000000)
  eden space 131072K, 100% used [0x00000000e0000000,0x00000000e8000000,0x00000000e8000000)
  from space 9728K, 0% used [0x00000000e8980000,0x00000000e8980000,0x00000000e9300000)
  to   space 9728K, 0% used [0x00000000e8000000,0x00000000e8000000,0x00000000e8980000)
 ParOldGen       total 46080K, used 15977K [0x00000000a0000000, 0x00000000a2d00000, 0x00000000e0000000)
  object space 46080K, 34% used [0x00000000a0000000,0x00000000a0f9a698,0x00000000a2d00000)
 Metaspace       used 32214K, capacity 33130K, committed 33328K, reserved 1077248K
  class space    used 4345K, capacity 4602K, committed 4656K, reserved 1048576K
Event: 19.850 GC heap after
Heap after GC invocations=8 (full 1):
 PSYoungGen      total 140800K, used 9717K [0x00000000e0000000, 0x00000000ee180000, 0x0000000100000000)
  eden space 131072K, 0% used [0x00000000e0000000,0x00000000e0000000,0x00000000e8000000)
  from space 9728K, 99% used [0x00000000e8000000,0x00000000e897d5c0,0x00000000e8980000)
  to   space 12800K, 0% used [0x00000000ed500000,0x00000000ed500000,0x00000000ee180000)
 ParOldGen       total 46080K, used 19218K [0x00000000a0000000, 0x00000000a2d00000, 0x00000000e0000000)
  object space 46080K, 41% used [0x00000000a0000000,0x00000000a12c4858,0x00000000a2d00000)
 Metaspace       used 32214K, capacity 33130K, committed 33328K, reserved 1077248K
  class space    used 4345K, capacity 4602K, committed 4656K, reserved 1048576K
}
Event: 21.488 GC heap before
{Heap before GC invocations=9 (full 1):
 PSYoungGen      total 140800K, used 49560K [0x00000000e0000000, 0x00000000ee180000, 0x0000000100000000)
  eden space 131072K, 30% used [0x00000000e0000000,0x00000000e26e8b78,0x00000000e8000000)
  from space 9728K, 99% used [0x00000000e8000000,0x00000000e897d5c0,0x00000000e8980000)
  to   space 12800K, 0% used [0x00000000ed500000,0x00000000ed500000,0x00000000ee180000)
 ParOldGen       total 46080K, used 19218K [0x00000000a0000000, 0x00000000a2d00000, 0x00000000e0000000)
  object space 46080K, 41% used [0x00000000a0000000,0x00000000a12c4858,0x00000000a2d00000)
 Metaspace       used 34231K, capacity 35362K, committed 35496K, reserved 1079296K
  class space    used 4672K, capacity 4922K, committed 5032K, reserved 1048576K
Event: 21.510 GC heap after
Heap after GC invocations=9 (full 1):
 PSYoungGen      total 217088K, used 9578K [0x00000000e0000000, 0x00000000ee280000, 0x0000000100000000)
  eden space 204288K, 0% used [0x00000000e0000000,0x00000000e0000000,0x00000000ec780000)
  from space 12800K, 74% used [0x00000000ed500000,0x00000000ede5a808,0x00000000ee180000)
  to   space 13824K, 0% used [0x00000000ec780000,0x00000000ec780000,0x00000000ed500000)
 ParOldGen       total 46080K, used 19226K [0x00000000a0000000, 0x00000000a2d00000, 0x00000000e0000000)
  object space 46080K, 41% used [0x00000000a0000000,0x00000000a12c6858,0x00000000a2d00000)
 Metaspace       used 34231K, capacity 35362K, committed 35496K, reserved 1079296K
  class space    used 4672K, capacity 4922K, committed 5032K, reserved 1048576K
}
Event: 21.510 GC heap before
{Heap before GC invocations=10 (full 2):
 PSYoungGen      total 217088K, used 9578K [0x00000000e0000000, 0x00000000ee280000, 0x0000000100000000)
  eden space 204288K, 0% used [0x00000000e0000000,0x00000000e0000000,0x00000000ec780000)
  from space 12800K, 74% used [0x00000000ed500000,0x00000000ede5a808,0x00000000ee180000)
  to   space 13824K, 0% used [0x00000000ec780000,0x00000000ec780000,0x00000000ed500000)
 ParOldGen       total 46080K, used 19226K [0x00000000a0000000, 0x00000000a2d00000, 0x00000000e0000000)
  object space 46080K, 41% used [0x00000000a0000000,0x00000000a12c6858,0x00000000a2d00000)
 Metaspace       used 34231K, capacity 35362K, committed 35496K, reserved 1079296K
  class space    used 4672K, capacity 4922K, committed 5032K, reserved 1048576K
Event: 21.680 GC heap after
Heap after GC invocations=10 (full 2):
 PSYoungGen      total 217088K, used 0K [0x00000000e0000000, 0x00000000ee280000, 0x0000000100000000)
  eden space 204288K, 0% used [0x00000000e0000000,0x00000000e0000000,0x00000000ec780000)
  from space 12800K, 0% used [0x00000000ed500000,0x00000000ed500000,0x00000000ee180000)
  to   space 13824K, 0% used [0x00000000ec780000,0x00000000ec780000,0x00000000ed500000)
 ParOldGen       total 57344K, used 16124K [0x00000000a0000000, 0x00000000a3800000, 0x00000000e0000000)
  object space 57344K, 28% used [0x00000000a0000000,0x00000000a0fbf140,0x00000000a3800000)
 Metaspace       used 34231K, capacity 35362K, committed 35496K, reserved 1079296K
  class space    used 4672K, capacity 4922K, committed 5032K, reserved 1048576K
}

