# JRE version: OpenJDK Runtime Environment (8.0_202-b03) (build 1.8.0_202-release-1483-b03)
# Java VM: OpenJDK 64-Bit Server VM (25.202-b03 mixed mode windows-amd64 compressed oops)
Heap:
 PSYoungGen      total 122880K, used 61051K [0x00000000e0000000, 0x00000000e9b80000, 0x0000000100000000)
  eden space 114176K, 45% used [0x00000000e0000000,0x00000000e3338b60,0x00000000e6f80000)
  from space 8704K, 98% used [0x00000000e6f80000,0x00000000e77e6150,0x00000000e7800000)
  to   space 9728K, 0% used [0x00000000e9200000,0x00000000e9200000,0x00000000e9b80000)
 ParOldGen       total 53760K, used 15017K [0x00000000a0000000, 0x00000000a3480000, 0x00000000e0000000)
  object space 53760K, 27% used [0x00000000a0000000,0x00000000a0eaa570,0x00000000a3480000)
 Metaspace       used 40715K, capacity 42122K, committed 42408K, reserved 1085440K
  class space    used 5483K, capacity 5775K, committed 5800K, reserved 1048576K
GC Heap History (10 events):
Event: 13.358 GC heap before
{Heap before GC invocations=11 (full 1):
 PSYoungGen      total 69632K, used 62976K [0x00000000e0000000, 0x00000000e7080000, 0x0000000100000000)
  eden space 62976K, 100% used [0x00000000e0000000,0x00000000e3d80000,0x00000000e3d80000)
  from space 6656K, 0% used [0x00000000e3d80000,0x00000000e3d80000,0x00000000e4400000)
  to   space 7168K, 0% used [0x00000000e6980000,0x00000000e6980000,0x00000000e7080000)
 ParOldGen       total 34816K, used 9935K [0x00000000a0000000, 0x00000000a2200000, 0x00000000e0000000)
  object space 34816K, 28% used [0x00000000a0000000,0x00000000a09b3d28,0x00000000a2200000)
 Metaspace       used 28070K, capacity 28752K, committed 28976K, reserved 1075200K
  class space    used 3856K, capacity 4067K, committed 4144K, reserved 1048576K
Event: 13.374 GC heap after
Heap after GC invocations=11 (full 1):
 PSYoungGen      total 92672K, used 7143K [0x00000000e0000000, 0x00000000e7080000, 0x0000000100000000)
  eden space 85504K, 0% used [0x00000000e0000000,0x00000000e0000000,0x00000000e5380000)
  from space 7168K, 99% used [0x00000000e6980000,0x00000000e7079c70,0x00000000e7080000)
  to   space 8192K, 0% used [0x00000000e6080000,0x00000000e6080000,0x00000000e6880000)
 ParOldGen       total 34816K, used 10569K [0x00000000a0000000, 0x00000000a2200000, 0x00000000e0000000)
  object space 34816K, 30% used [0x00000000a0000000,0x00000000a0a52550,0x00000000a2200000)
 Metaspace       used 28070K, capacity 28752K, committed 28976K, reserved 1075200K
  class space    used 3856K, capacity 4067K, committed 4144K, reserved 1048576K
}
Event: 17.849 GC heap before
{Heap before GC invocations=12 (full 1):
 PSYoungGen      total 92672K, used 92647K [0x00000000e0000000, 0x00000000e7080000, 0x0000000100000000)
  eden space 85504K, 100% used [0x00000000e0000000,0x00000000e5380000,0x00000000e5380000)
  from space 7168K, 99% used [0x00000000e6980000,0x00000000e7079c70,0x00000000e7080000)
  to   space 8192K, 0% used [0x00000000e6080000,0x00000000e6080000,0x00000000e6880000)
 ParOldGen       total 34816K, used 10569K [0x00000000a0000000, 0x00000000a2200000, 0x00000000e0000000)
  object space 34816K, 30% used [0x00000000a0000000,0x00000000a0a52550,0x00000000a2200000)
 Metaspace       used 33107K, capacity 33954K, committed 34224K, reserved 1079296K
  class space    used 4489K, capacity 4767K, committed 4784K, reserved 1048576K
Event: 17.872 GC heap after
Heap after GC invocations=12 (full 1):
 PSYoungGen      total 107008K, used 6880K [0x00000000e0000000, 0x00000000e8080000, 0x0000000100000000)
  eden space 98816K, 0% used [0x00000000e0000000,0x00000000e0000000,0x00000000e6080000)
  from space 8192K, 83% used [0x00000000e6080000,0x00000000e6738308,0x00000000e6880000)
  to   space 8704K, 0% used [0x00000000e7800000,0x00000000e7800000,0x00000000e8080000)
 ParOldGen       total 34816K, used 13703K [0x00000000a0000000, 0x00000000a2200000, 0x00000000e0000000)
  object space 34816K, 39% used [0x00000000a0000000,0x00000000a0d61cb0,0x00000000a2200000)
 Metaspace       used 33107K, capacity 33954K, committed 34224K, reserved 1079296K
  class space    used 4489K, capacity 4767K, committed 4784K, reserved 1048576K
}
Event: 18.647 GC heap before
{Heap before GC invocations=13 (full 1):
 PSYoungGen      total 107008K, used 29787K [0x00000000e0000000, 0x00000000e8080000, 0x0000000100000000)
  eden space 98816K, 23% used [0x00000000e0000000,0x00000000e165e910,0x00000000e6080000)
  from space 8192K, 83% used [0x00000000e6080000,0x00000000e6738308,0x00000000e6880000)
  to   space 8704K, 0% used [0x00000000e7800000,0x00000000e7800000,0x00000000e8080000)
 ParOldGen       total 34816K, used 13703K [0x00000000a0000000, 0x00000000a2200000, 0x00000000e0000000)
  object space 34816K, 39% used [0x00000000a0000000,0x00000000a0d61cb0,0x00000000a2200000)
 Metaspace       used 34277K, capacity 35362K, committed 35496K, reserved 1079296K
  class space    used 4684K, capacity 4922K, committed 5032K, reserved 1048576K
Event: 18.669 GC heap after
Heap after GC invocations=13 (full 1):
 PSYoungGen      total 122880K, used 2298K [0x00000000e0000000, 0x00000000e9500000, 0x0000000100000000)
  eden space 114176K, 0% used [0x00000000e0000000,0x00000000e0000000,0x00000000e6f80000)
  from space 8704K, 26% used [0x00000000e7800000,0x00000000e7a3ea90,0x00000000e8080000)
  to   space 8704K, 0% used [0x00000000e6f80000,0x00000000e6f80000,0x00000000e7800000)
 ParOldGen       total 34816K, used 16759K [0x00000000a0000000, 0x00000000a2200000, 0x00000000e0000000)
  object space 34816K, 48% used [0x00000000a0000000,0x00000000a105dd40,0x00000000a2200000)
 Metaspace       used 34277K, capacity 35362K, committed 35496K, reserved 1079296K
  class space    used 4684K, capacity 4922K, committed 5032K, reserved 1048576K
}
Event: 18.669 GC heap before
{Heap before GC invocations=14 (full 2):
 PSYoungGen      total 122880K, used 2298K [0x00000000e0000000, 0x00000000e9500000, 0x0000000100000000)
  eden space 114176K, 0% used [0x00000000e0000000,0x00000000e0000000,0x00000000e6f80000)
  from space 8704K, 26% used [0x00000000e7800000,0x00000000e7a3ea90,0x00000000e8080000)
  to   space 8704K, 0% used [0x00000000e6f80000,0x00000000e6f80000,0x00000000e7800000)
 ParOldGen       total 34816K, used 16759K [0x00000000a0000000, 0x00000000a2200000, 0x00000000e0000000)
  object space 34816K, 48% used [0x00000000a0000000,0x00000000a105dd40,0x00000000a2200000)
 Metaspace       used 34277K, capacity 35362K, committed 35496K, reserved 1079296K
  class space    used 4684K, capacity 4922K, committed 5032K, reserved 1048576K
Event: 18.928 GC heap after
Heap after GC invocations=14 (full 2):
 PSYoungGen      total 122880K, used 0K [0x00000000e0000000, 0x00000000e9500000, 0x0000000100000000)
  eden space 114176K, 0% used [0x00000000e0000000,0x00000000e0000000,0x00000000e6f80000)
  from space 8704K, 0% used [0x00000000e7800000,0x00000000e7800000,0x00000000e8080000)
  to   space 8704K, 0% used [0x00000000e6f80000,0x00000000e6f80000,0x00000000e7800000)
 ParOldGen       total 53760K, used 15001K [0x00000000a0000000, 0x00000000a3480000, 0x00000000e0000000)
  object space 53760K, 27% used [0x00000000a0000000,0x00000000a0ea6570,0x00000000a3480000)
 Metaspace       used 34277K, capacity 35362K, committed 35496K, reserved 1079296K
  class space    used 4684K, capacity 4922K, committed 5032K, reserved 1048576K
}
Event: 42.343 GC heap before
{Heap before GC invocations=15 (full 2):
 PSYoungGen      total 122880K, used 114176K [0x00000000e0000000, 0x00000000e9500000, 0x0000000100000000)
  eden space 114176K, 100% used [0x00000000e0000000,0x00000000e6f80000,0x00000000e6f80000)
  from space 8704K, 0% used [0x00000000e7800000,0x00000000e7800000,0x00000000e8080000)
  to   space 8704K, 0% used [0x00000000e6f80000,0x00000000e6f80000,0x00000000e7800000)
 ParOldGen       total 53760K, used 15001K [0x00000000a0000000, 0x00000000a3480000, 0x00000000e0000000)
  object space 53760K, 27% used [0x00000000a0000000,0x00000000a0ea6570,0x00000000a3480000)
 Metaspace       used 40666K, capacity 42058K, committed 42152K, reserved 1085440K
  class space    used 5483K, capacity 5775K, committed 5800K, reserved 1048576K
Event: 42.362 GC heap after
Heap after GC invocations=15 (full 2):
 PSYoungGen      total 122880K, used 8600K [0x00000000e0000000, 0x00000000e9b80000, 0x0000000100000000)
  eden space 114176K, 0% used [0x00000000e0000000,0x00000000e0000000,0x00000000e6f80000)
  from space 8704K, 98% used [0x00000000e6f80000,0x00000000e77e6150,0x00000000e7800000)
  to   space 9728K, 0% used [0x00000000e9200000,0x00000000e9200000,0x00000000e9b80000)
 ParOldGen       total 53760K, used 15017K [0x00000000a0000000, 0x00000000a3480000, 0x00000000e0000000)
  object space 53760K, 27% used [0x00000000a0000000,0x00000000a0eaa570,0x00000000a3480000)
 Metaspace       used 40666K, capacity 42058K, committed 42152K, reserved 1085440K
  class space    used 5483K, capacity 5775K, committed 5800K, reserved 1048576K
}

